<?xml version="1.0" encoding="UTF-8"?>
<!-- Generated by org.testng.reporters.JUnitReportReporter -->
<testsuite hostname="LAPTOP-MU36A4M1" failures="0" tests="1" name="tests.Signintest" time="22.119" errors="0" timestamp="21 Nov 2021 12:43:46 GMT" skipped="0">
  <testcase classname="tests.Signintest" name="usersignintest" time="22.119"/>
</testsuite> <!-- tests.Signintest -->
